{"name":"RestoreData","status":"broken","statusDetails":{"known":false,"muted":false,"flaky":false,"message":"Expected condition failed: waiting for element to be clickable: By.xpath: /html/body/portal-main/div/div/div[3]/portal-router/div/twa-portal-stage[6]/div/div[2]/twa-nav-menu-stage[4]/div/div[2]/twa-cc-device-section/twa-lazy-view-stack/div/twa-lazy-view[2]/div/twa-cc-entity-search/twa-page/twa-detail-view/twa-detail-view-center/twa-collapse/div[1]/twa-datagrid/twa-datalist/div[1]/dlmain/twa-datalist-table/div/twa-datalist-column[4]/div/twa-datalist-format/dynamic-component/entity-customer-column/div/div (tried for 60 second(s) with 500 milliseconds interval)\n\nVideo: C:\\777\\nep-qa\\nep-qa-automation\\test-output\\Capture\\ChangeUpdatedIntervals 02-06-2020 16.50.17.avi\nScreenShot: C:\\777\\nep-qa\\nep-qa-automation\\test-output\\Capture\\ChangeUpdatedIntervals 02-06-2020 16.50.17.png\n\n","trace":"org.openqa.selenium.TimeoutException: Expected condition failed: waiting for element to be clickable: By.xpath: /html/body/portal-main/div/div/div[3]/portal-router/div/twa-portal-stage[6]/div/div[2]/twa-nav-menu-stage[4]/div/div[2]/twa-cc-device-section/twa-lazy-view-stack/div/twa-lazy-view[2]/div/twa-cc-entity-search/twa-page/twa-detail-view/twa-detail-view-center/twa-collapse/div[1]/twa-datagrid/twa-datalist/div[1]/dlmain/twa-datalist-table/div/twa-datalist-column[4]/div/twa-datalist-format/dynamic-component/entity-customer-column/div/div (tried for 60 second(s) with 500 milliseconds interval)\n\nVideo: C:\\777\\nep-qa\\nep-qa-automation\\test-output\\Capture\\ChangeUpdatedIntervals 02-06-2020 16.50.17.avi\nScreenShot: C:\\777\\nep-qa\\nep-qa-automation\\test-output\\Capture\\ChangeUpdatedIntervals 02-06-2020 16.50.17.png\n\n\r\n\tat org.openqa.selenium.support.ui.WebDriverWait.timeoutException(WebDriverWait.java:95)\r\n\tat org.openqa.selenium.support.ui.FluentWait.until(FluentWait.java:272)\r\n\tat Pages.GenericPage.WaitUntilObjectClickable(GenericPage.java:30)\r\n\tat Actions.NepActions.ClickOnTheCustomer(NepActions.java:682)\r\n\tat Tests.NEP.ChangeUpdatedIntervals.ClickOnCustomer(ChangeUpdatedIntervals.java:125)\r\n\tat Tests.NEP.ChangeUpdatedIntervals.RestoreData(ChangeUpdatedIntervals.java:82)\r\n\tat java.base/jdk.internal.reflect.NativeMethodAccessorImpl.invoke0(Native Method)\r\n\tat java.base/jdk.internal.reflect.NativeMethodAccessorImpl.invoke(NativeMethodAccessorImpl.java:62)\r\n\tat java.base/jdk.internal.reflect.DelegatingMethodAccessorImpl.invoke(DelegatingMethodAccessorImpl.java:43)\r\n\tat java.base/java.lang.reflect.Method.invoke(Method.java:567)\r\n\tat org.testng.internal.MethodInvocationHelper.invokeMethod(MethodInvocationHelper.java:134)\r\n\tat org.testng.internal.TestInvoker.invokeMethod(TestInvoker.java:597)\r\n\tat org.testng.internal.TestInvoker.invokeTestMethod(TestInvoker.java:173)\r\n\tat org.testng.internal.MethodRunner.runInSequence(MethodRunner.java:46)\r\n\tat org.testng.internal.TestInvoker$MethodInvocationAgent.invoke(TestInvoker.java:816)\r\n\tat org.testng.internal.TestInvoker.invokeTestMethods(TestInvoker.java:146)\r\n\tat org.testng.internal.TestMethodWorker.invokeTestMethods(TestMethodWorker.java:146)\r\n\tat org.testng.internal.TestMethodWorker.run(TestMethodWorker.java:128)\r\n\tat java.base/java.util.ArrayList.forEach(ArrayList.java:1540)\r\n\tat org.testng.TestRunner.privateRun(TestRunner.java:766)\r\n\tat org.testng.TestRunner.run(TestRunner.java:587)\r\n\tat org.testng.SuiteRunner.runTest(SuiteRunner.java:384)\r\n\tat org.testng.SuiteRunner.runSequentially(SuiteRunner.java:378)\r\n\tat org.testng.SuiteRunner.privateRun(SuiteRunner.java:337)\r\n\tat org.testng.SuiteRunner.run(SuiteRunner.java:286)\r\n\tat org.testng.SuiteRunnerWorker.runSuite(SuiteRunnerWorker.java:53)\r\n\tat org.testng.SuiteRunnerWorker.run(SuiteRunnerWorker.java:96)\r\n\tat org.testng.TestNG.runSuitesSequentially(TestNG.java:1187)\r\n\tat org.testng.TestNG.runSuitesLocally(TestNG.java:1109)\r\n\tat org.testng.TestNG.runSuites(TestNG.java:1039)\r\n\tat org.testng.TestNG.run(TestNG.java:1007)\r\n\tat org.testng.IDEARemoteTestNG.run(IDEARemoteTestNG.java:73)\r\n\tat org.testng.RemoteTestNGStarter.main(RemoteTestNGStarter.java:123)\r\nCaused by: org.openqa.selenium.NoSuchElementException: no such element: Unable to locate element: {\"method\":\"xpath\",\"selector\":\"/html/body/portal-main/div/div/div[3]/portal-router/div/twa-portal-stage[6]/div/div[2]/twa-nav-menu-stage[4]/div/div[2]/twa-cc-device-section/twa-lazy-view-stack/div/twa-lazy-view[2]/div/twa-cc-entity-search/twa-page/twa-detail-view/twa-detail-view-center/twa-collapse/div[1]/twa-datagrid/twa-datalist/div[1]/dlmain/twa-datalist-table/div/twa-datalist-column[4]/div/twa-datalist-format/dynamic-component/entity-customer-column/div/div\"}\n  (Session info: chrome=83.0.4103.61)\nFor documentation on this error, please visit: https://www.seleniumhq.org/exceptions/no_such_element.html\nBuild info: version: '3.141.59', revision: 'e82be7d358', time: '2018-11-14T08:17:03'\nSystem info: host: 'NTY-EN-8D25HC2', ip: '10.243.68.73', os.name: 'Windows 10', os.arch: 'amd64', os.version: '10.0', java.version: '12.0.2'\nDriver info: org.openqa.selenium.chrome.ChromeDriver\nCapabilities {acceptInsecureCerts: false, browserName: chrome, browserVersion: 83.0.4103.61, chrome: {chromedriverVersion: 83.0.4103.39 (ccbf011cb2d2b..., userDataDir: C:\\Users\\MOSHE~1.AVI\\AppDat...}, goog:chromeOptions: {debuggerAddress: localhost:64945}, javascriptEnabled: true, networkConnectionEnabled: false, pageLoadStrategy: normal, platform: WINDOWS, platformName: WINDOWS, proxy: Proxy(), setWindowRect: true, strictFileInteractability: false, timeouts: {implicit: 0, pageLoad: 300000, script: 30000}, unhandledPromptBehavior: dismiss and notify, webauthn:virtualAuthenticators: true}\nSession ID: 4a07cfc003cffcd99bc25589e2f95ff5\n*** Element info: {Using=xpath, value=/html/body/portal-main/div/div/div[3]/portal-router/div/twa-portal-stage[6]/div/div[2]/twa-nav-menu-stage[4]/div/div[2]/twa-cc-device-section/twa-lazy-view-stack/div/twa-lazy-view[2]/div/twa-cc-entity-search/twa-page/twa-detail-view/twa-detail-view-center/twa-collapse/div[1]/twa-datagrid/twa-datalist/div[1]/dlmain/twa-datalist-table/div/twa-datalist-column[4]/div/twa-datalist-format/dynamic-component/entity-customer-column/div/div}\r\n\tat java.base/jdk.internal.reflect.NativeConstructorAccessorImpl.newInstance0(Native Method)\r\n\tat java.base/jdk.internal.reflect.NativeConstructorAccessorImpl.newInstance(NativeConstructorAccessorImpl.java:62)\r\n\tat java.base/jdk.internal.reflect.DelegatingConstructorAccessorImpl.newInstance(DelegatingConstructorAccessorImpl.java:45)\r\n\tat java.base/java.lang.reflect.Constructor.newInstanceWithCaller(Constructor.java:500)\r\n\tat java.base/java.lang.reflect.Constructor.newInstance(Constructor.java:481)\r\n\tat org.openqa.selenium.remote.http.W3CHttpResponseCodec.createException(W3CHttpResponseCodec.java:187)\r\n\tat org.openqa.selenium.remote.http.W3CHttpResponseCodec.decode(W3CHttpResponseCodec.java:122)\r\n\tat org.openqa.selenium.remote.http.W3CHttpResponseCodec.decode(W3CHttpResponseCodec.java:49)\r\n\tat org.openqa.selenium.remote.HttpCommandExecutor.execute(HttpCommandExecutor.java:158)\r\n\tat org.openqa.selenium.remote.service.DriverCommandExecutor.execute(DriverCommandExecutor.java:83)\r\n\tat org.openqa.selenium.remote.RemoteWebDriver.execute(RemoteWebDriver.java:552)\r\n\tat org.openqa.selenium.remote.RemoteWebDriver.findElement(RemoteWebDriver.java:323)\r\n\tat org.openqa.selenium.remote.RemoteWebDriver.findElementByXPath(RemoteWebDriver.java:428)\r\n\tat org.openqa.selenium.By$ByXPath.findElement(By.java:353)\r\n\tat org.openqa.selenium.remote.RemoteWebDriver.findElement(RemoteWebDriver.java:315)\r\n\tat org.openqa.selenium.support.ui.ExpectedConditions$7.apply(ExpectedConditions.java:205)\r\n\tat org.openqa.selenium.support.ui.ExpectedConditions$7.apply(ExpectedConditions.java:201)\r\n\tat org.openqa.selenium.support.ui.ExpectedConditions$22.apply(ExpectedConditions.java:641)\r\n\tat org.openqa.selenium.support.ui.ExpectedConditions$22.apply(ExpectedConditions.java:638)\r\n\tat org.openqa.selenium.support.ui.FluentWait.until(FluentWait.java:249)\r\n\t... 31 more\r\n"},"stage":"finished","steps":[],"attachments":[],"parameters":[],"start":1591105818196,"stop":1591105979136,"uuid":"a0ec19d6-fc2b-4e93-b80b-f13bb781e21a","historyId":"807ccc1ec1ce57d215b49716f4a3b010","fullName":"Tests.NEP.ChangeUpdatedIntervals.RestoreData","labels":[{"name":"package","value":"Tests.NEP.ChangeUpdatedIntervals"},{"name":"testClass","value":"Tests.NEP.ChangeUpdatedIntervals"},{"name":"testMethod","value":"RestoreData"},{"name":"parentSuite","value":"Default Suite"},{"name":"suite","value":"Automation"},{"name":"subSuite","value":"Tests.NEP.ChangeUpdatedIntervals"},{"name":"host","value":"NTY-EN-8D25HC2"},{"name":"thread","value":"6160@NTY-EN-8D25HC2.main(1)"},{"name":"framework","value":"testng"},{"name":"language","value":"java"}],"links":[]}